app/build/intermediates/manifest_merge_blame_file/debug/manifest-merger-blame-debug-report.txt
1<?xml version="1.0" encoding="utf-8"?>
2<manifest xmlns:android="http://schemas.android.com/apk/res/android"
3    package="com.mayaboss.android"
4    android:versionCode="1"
5    android:versionName="1.0" >
6
7    <uses-sdk
8        android:minSdkVersion="24"
8-->src\main\AndroidManifest.xml
9        android:targetSdkVersion="33" />
9-->src\main\AndroidManifest.xml
10
11    <uses-permission android:name="android.permission.INTERNET" />
11-->src\main\AndroidManifest.xml:5:5-67
11-->src\main\AndroidManifest.xml:5:22-64
12
13    <permission
13-->[androidx.core:core:1.9.0] AndroidManifest.xml:22:5-24:47
14        android:name="com.mayaboss.android.DYNAMIC_RECEIVER_NOT_EXPORTED_PERMISSION"
14-->[androidx.core:core:1.9.0] AndroidManifest.xml:23:9-81
15        android:protectionLevel="signature" />
15-->[androidx.core:core:1.9.0] AndroidManifest.xml:24:9-44
16
17    <uses-permission android:name="com.mayaboss.android.DYNAMIC_RECEIVER_NOT_EXPORTED_PERMISSION" />
17-->[androidx.core:core:1.9.0] AndroidManifest.xml:26:5-97
17-->[androidx.core:core:1.9.0] AndroidManifest.xml:26:22-94
18    <uses-permission android:name="android.permission.CAMERA" /> <!-- Don't require camera, as this requires a rear camera. This allows it to work on the Nexus 7 -->
18-->[com.journeyapps:zxing-android-embedded:4.3.0] AndroidManifest.xml:22:5-65
18-->[com.journeyapps:zxing-android-embedded:4.3.0] AndroidManifest.xml:22:22-62
19    <uses-feature
19-->[com.journeyapps:zxing-android-embedded:4.3.0] AndroidManifest.xml:25:5-27:36
20        android:name="android.hardware.camera"
20-->[com.journeyapps:zxing-android-embedded:4.3.0] AndroidManifest.xml:26:9-47
21        android:required="false" />
21-->[com.journeyapps:zxing-android-embedded:4.3.0] AndroidManifest.xml:27:9-33
22    <uses-feature
22-->[com.journeyapps:zxing-android-embedded:4.3.0] AndroidManifest.xml:28:5-30:36
23        android:name="android.hardware.camera.front"
23-->[com.journeyapps:zxing-android-embedded:4.3.0] AndroidManifest.xml:29:9-53
24        android:required="false" /> <!-- TODO replace above two with next line after Android 4.2 -->
24-->[com.journeyapps:zxing-android-embedded:4.3.0] AndroidManifest.xml:30:9-33
25    <!-- <uses-feature android:name="android.hardware.camera.any"/> -->
26    <uses-feature
26-->[com.journeyapps:zxing-android-embedded:4.3.0] AndroidManifest.xml:33:5-35:36
27        android:name="android.hardware.camera.autofocus"
27-->[com.journeyapps:zxing-android-embedded:4.3.0] AndroidManifest.xml:34:9-57
28        android:required="false" />
28-->[com.journeyapps:zxing-android-embedded:4.3.0] AndroidManifest.xml:35:9-33
29    <uses-feature
29-->[com.journeyapps:zxing-android-embedded:4.3.0] AndroidManifest.xml:36:5-38:36
30        android:name="android.hardware.camera.flash"
30-->[com.journeyapps:zxing-android-embedded:4.3.0] AndroidManifest.xml:37:9-53
31        android:required="false" />
31-->[com.journeyapps:zxing-android-embedded:4.3.0] AndroidManifest.xml:38:9-33
32    <uses-feature
32-->[com.journeyapps:zxing-android-embedded:4.3.0] AndroidManifest.xml:39:5-41:36
33        android:name="android.hardware.screen.landscape"
33-->[com.journeyapps:zxing-android-embedded:4.3.0] AndroidManifest.xml:40:9-57
34        android:required="false" />
34-->[com.journeyapps:zxing-android-embedded:4.3.0] AndroidManifest.xml:41:9-33
35    <uses-feature
35-->[com.journeyapps:zxing-android-embedded:4.3.0] AndroidManifest.xml:42:5-44:36
36        android:name="android.hardware.wifi"
36-->[com.journeyapps:zxing-android-embedded:4.3.0] AndroidManifest.xml:43:9-45
37        android:required="false" />
37-->[com.journeyapps:zxing-android-embedded:4.3.0] AndroidManifest.xml:44:9-33
38
39    <application
39-->src\main\AndroidManifest.xml:7:5-22:19
40        android:allowBackup="true"
40-->src\main\AndroidManifest.xml:8:9-35
41        android:appComponentFactory="androidx.core.app.CoreComponentFactory"
41-->[androidx.core:core:1.9.0] AndroidManifest.xml:28:18-86
42        android:debuggable="true"
43        android:extractNativeLibs="false"
44        android:icon="@mipmap/ic_launcher"
44-->src\main\AndroidManifest.xml:9:9-43
45        android:label="MayaBoss"
45-->src\main\AndroidManifest.xml:10:9-33
46        android:roundIcon="@mipmap/ic_launcher_round"
46-->src\main\AndroidManifest.xml:11:9-54
47        android:supportsRtl="true"
47-->src\main\AndroidManifest.xml:12:9-35
48        android:theme="@style/Theme.AppCompat.Light.NoActionBar" >
48-->src\main\AndroidManifest.xml:13:9-65
49        <activity
49-->src\main\AndroidManifest.xml:14:9-21:20
50            android:name="com.mayaboss.android.MainActivity"
50-->src\main\AndroidManifest.xml:15:13-41
51            android:exported="true" >
51-->src\main\AndroidManifest.xml:16:13-36
52            <intent-filter>
52-->src\main\AndroidManifest.xml:17:13-20:29
53                <action android:name="android.intent.action.MAIN" />
53-->src\main\AndroidManifest.xml:18:17-69
53-->src\main\AndroidManifest.xml:18:25-66
54
55                <category android:name="android.intent.category.LAUNCHER" />
55-->src\main\AndroidManifest.xml:19:17-77
55-->src\main\AndroidManifest.xml:19:27-74
56            </intent-filter>
57        </activity>
58
59        <provider
59-->[androidx.emoji2:emoji2:1.2.0] AndroidManifest.xml:24:9-32:20
60            android:name="androidx.startup.InitializationProvider"
60-->[androidx.emoji2:emoji2:1.2.0] AndroidManifest.xml:25:13-67
61            android:authorities="com.mayaboss.android.androidx-startup"
61-->[androidx.emoji2:emoji2:1.2.0] AndroidManifest.xml:26:13-68
62            android:exported="false" >
62-->[androidx.emoji2:emoji2:1.2.0] AndroidManifest.xml:27:13-37
63            <meta-data
63-->[androidx.emoji2:emoji2:1.2.0] AndroidManifest.xml:29:13-31:52
64                android:name="androidx.emoji2.text.EmojiCompatInitializer"
64-->[androidx.emoji2:emoji2:1.2.0] AndroidManifest.xml:30:17-75
65                android:value="androidx.startup" />
65-->[androidx.emoji2:emoji2:1.2.0] AndroidManifest.xml:31:17-49
66            <meta-data
66-->[androidx.lifecycle:lifecycle-process:2.4.1] AndroidManifest.xml:31:13-33:52
67                android:name="androidx.lifecycle.ProcessLifecycleInitializer"
67-->[androidx.lifecycle:lifecycle-process:2.4.1] AndroidManifest.xml:32:17-78
68                android:value="androidx.startup" />
68-->[androidx.lifecycle:lifecycle-process:2.4.1] AndroidManifest.xml:33:17-49
69        </provider>
70
71        <activity
71-->[com.journeyapps:zxing-android-embedded:4.3.0] AndroidManifest.xml:47:9-53:63
72            android:name="com.journeyapps.barcodescanner.CaptureActivity"
72-->[com.journeyapps:zxing-android-embedded:4.3.0] AndroidManifest.xml:48:13-74
73            android:clearTaskOnLaunch="true"
73-->[com.journeyapps:zxing-android-embedded:4.3.0] AndroidManifest.xml:49:13-45
74            android:screenOrientation="sensorLandscape"
74-->[com.journeyapps:zxing-android-embedded:4.3.0] AndroidManifest.xml:50:13-56
75            android:stateNotNeeded="true"
75-->[com.journeyapps:zxing-android-embedded:4.3.0] AndroidManifest.xml:51:13-42
76            android:theme="@style/zxing_CaptureTheme"
76-->[com.journeyapps:zxing-android-embedded:4.3.0] AndroidManifest.xml:52:13-54
77            android:windowSoftInputMode="stateAlwaysHidden" />
77-->[com.journeyapps:zxing-android-embedded:4.3.0] AndroidManifest.xml:53:13-60
78    </application>
79
80</manifest>